{"level":"error","message":"Connection error","service":"launchpad-market-api","timestamp":"2025-10-01T22:28:10.565Z"}
{"level":"error","message":"Connection error","service":"launchpad-market-api","timestamp":"2025-10-01T22:28:10.565Z"}
{"level":"error","message":"Connection error","service":"launchpad-market-api","timestamp":"2025-10-01T22:28:15.709Z"}
{"level":"error","message":"Connection error","service":"launchpad-market-api","timestamp":"2025-10-01T22:28:26.842Z"}
{"level":"error","message":"Connection error","service":"launchpad-market-api","timestamp":"2025-10-01T22:28:57.863Z"}
{"level":"error","message":"Connection error","service":"launchpad-market-api","timestamp":"2025-10-01T22:31:47.011Z"}
{"level":"error","message":"Connection error","service":"launchpad-market-api","timestamp":"2025-10-01T22:31:47.011Z"}
{"level":"error","message":"Connection error","service":"launchpad-market-api","timestamp":"2025-10-01T22:31:47.011Z"}
{"level":"error","message":"Connection error","service":"launchpad-market-api","timestamp":"2025-10-01T22:31:47.027Z"}
{"kind":"ObjectId","level":"error","message":"Error capturing pre-order payments: Cast to ObjectId failed for value \"product123\" (type string) at path \"productConcept\" for model \"PreOrder\"","path":"productConcept","reason":{},"service":"launchpad-market","stack":"CastError: Cast to ObjectId failed for value \"product123\" (type string) at path \"productConcept\" for model \"PreOrder\"\n    at SchemaObjectId.Object.<anonymous>.SchemaObjectId.cast (D:\\Projects\\eCommerce\\server\\node_modules\\mongoose\\lib\\schema\\objectId.js:251:11)\n    at SchemaObjectId.Object.<anonymous>.SchemaType.applySetters (D:\\Projects\\eCommerce\\server\\node_modules\\mongoose\\lib\\schemaType.js:1258:12)\n    at SchemaObjectId.Object.<anonymous>.SchemaType.castForQuery (D:\\Projects\\eCommerce\\server\\node_modules\\mongoose\\lib\\schemaType.js:1694:17)\n    at cast (D:\\Projects\\eCommerce\\server\\node_modules\\mongoose\\lib\\cast.js:390:32)\n    at model.Query.Object.<anonymous>.Query.cast (D:\\Projects\\eCommerce\\server\\node_modules\\mongoose\\lib\\query.js:5060:12)\n    at model.Query.Object.<anonymous>.Query._castConditions (D:\\Projects\\eCommerce\\server\\node_modules\\mongoose\\lib\\query.js:2374:10)\n    at model.Query._find (D:\\Projects\\eCommerce\\server\\node_modules\\mongoose\\lib\\query.js:2401:8)\n    at model.Query.exec (D:\\Projects\\eCommerce\\server\\node_modules\\mongoose\\lib\\query.js:4627:80)\n    at processTicksAndRejections (node:internal/process/task_queues:105:5)\n    at captureAllPreOrderPayments (D:\\Projects\\eCommerce\\server\\services\\paymentService.js:119:23)\n    at Object.<anonymous> (D:\\Projects\\eCommerce\\server\\services\\paymentService.test.js:44:22)","stringValue":"\"product123\"","timestamp":"2025-10-27T10:30:36.475Z","value":"product123","valueType":"string"}
{"kind":"ObjectId","level":"error","message":"Error capturing pre-order payments: Cast to ObjectId failed for value \"product123\" (type string) at path \"productConcept\" for model \"PreOrder\"","path":"productConcept","reason":{},"service":"launchpad-market","stack":"CastError: Cast to ObjectId failed for value \"product123\" (type string) at path \"productConcept\" for model \"PreOrder\"\n    at SchemaObjectId.Object.<anonymous>.SchemaObjectId.cast (D:\\Projects\\eCommerce\\server\\node_modules\\mongoose\\lib\\schema\\objectId.js:251:11)\n    at SchemaObjectId.Object.<anonymous>.SchemaType.applySetters (D:\\Projects\\eCommerce\\server\\node_modules\\mongoose\\lib\\schemaType.js:1258:12)\n    at SchemaObjectId.Object.<anonymous>.SchemaType.castForQuery (D:\\Projects\\eCommerce\\server\\node_modules\\mongoose\\lib\\schemaType.js:1694:17)\n    at cast (D:\\Projects\\eCommerce\\server\\node_modules\\mongoose\\lib\\cast.js:390:32)\n    at model.Query.Object.<anonymous>.Query.cast (D:\\Projects\\eCommerce\\server\\node_modules\\mongoose\\lib\\query.js:5060:12)\n    at model.Query.Object.<anonymous>.Query._castConditions (D:\\Projects\\eCommerce\\server\\node_modules\\mongoose\\lib\\query.js:2374:10)\n    at model.Query._find (D:\\Projects\\eCommerce\\server\\node_modules\\mongoose\\lib\\query.js:2401:8)\n    at model.Query.exec (D:\\Projects\\eCommerce\\server\\node_modules\\mongoose\\lib\\query.js:4627:80)\n    at processTicksAndRejections (node:internal/process/task_queues:105:5)\n    at captureAllPreOrderPayments (D:\\Projects\\eCommerce\\server\\services\\paymentService.js:119:23)\n    at Object.<anonymous> (D:\\Projects\\eCommerce\\server\\services\\paymentService.test.js:62:7)","stringValue":"\"product123\"","timestamp":"2025-10-27T10:30:36.517Z","value":"product123","valueType":"string"}
{"kind":"ObjectId","level":"error","message":"Error cancelling pre-order payments: Cast to ObjectId failed for value \"product123\" (type string) at path \"productConcept\" for model \"PreOrder\"","path":"productConcept","reason":{},"service":"launchpad-market","stack":"CastError: Cast to ObjectId failed for value \"product123\" (type string) at path \"productConcept\" for model \"PreOrder\"\n    at SchemaObjectId.Object.<anonymous>.SchemaObjectId.cast (D:\\Projects\\eCommerce\\server\\node_modules\\mongoose\\lib\\schema\\objectId.js:251:11)\n    at SchemaObjectId.Object.<anonymous>.SchemaType.applySetters (D:\\Projects\\eCommerce\\server\\node_modules\\mongoose\\lib\\schemaType.js:1258:12)\n    at SchemaObjectId.Object.<anonymous>.SchemaType.castForQuery (D:\\Projects\\eCommerce\\server\\node_modules\\mongoose\\lib\\schemaType.js:1694:17)\n    at cast (D:\\Projects\\eCommerce\\server\\node_modules\\mongoose\\lib\\cast.js:390:32)\n    at model.Query.Object.<anonymous>.Query.cast (D:\\Projects\\eCommerce\\server\\node_modules\\mongoose\\lib\\query.js:5060:12)\n    at model.Query.Object.<anonymous>.Query._castConditions (D:\\Projects\\eCommerce\\server\\node_modules\\mongoose\\lib\\query.js:2374:10)\n    at model.Query._find (D:\\Projects\\eCommerce\\server\\node_modules\\mongoose\\lib\\query.js:2401:8)\n    at model.Query.exec (D:\\Projects\\eCommerce\\server\\node_modules\\mongoose\\lib\\query.js:4627:80)\n    at processTicksAndRejections (node:internal/process/task_queues:105:5)\n    at cancelAllPreOrderPayments (D:\\Projects\\eCommerce\\server\\services\\paymentService.js:160:23)\n    at Object.<anonymous> (D:\\Projects\\eCommerce\\server\\services\\paymentService.test.js:86:22)","stringValue":"\"product123\"","timestamp":"2025-10-27T10:30:36.562Z","value":"product123","valueType":"string"}
{"kind":"ObjectId","level":"error","message":"Failed to refund payment for pre-order preorder123: Cast to ObjectId failed for value \"preorder123\" (type string) at path \"_id\" for model \"PreOrder\"","path":"_id","reason":{},"service":"launchpad-market","stack":"CastError: Cast to ObjectId failed for value \"preorder123\" (type string) at path \"_id\" for model \"PreOrder\"\n    at SchemaObjectId.Object.<anonymous>.SchemaObjectId.cast (D:\\Projects\\eCommerce\\server\\node_modules\\mongoose\\lib\\schema\\objectId.js:251:11)\n    at SchemaObjectId.Object.<anonymous>.SchemaType.applySetters (D:\\Projects\\eCommerce\\server\\node_modules\\mongoose\\lib\\schemaType.js:1258:12)\n    at SchemaObjectId.Object.<anonymous>.SchemaType.castForQuery (D:\\Projects\\eCommerce\\server\\node_modules\\mongoose\\lib\\schemaType.js:1694:17)\n    at cast (D:\\Projects\\eCommerce\\server\\node_modules\\mongoose\\lib\\cast.js:390:32)\n    at model.Query.Object.<anonymous>.Query.cast (D:\\Projects\\eCommerce\\server\\node_modules\\mongoose\\lib\\query.js:5060:12)\n    at model.Query.Object.<anonymous>.Query._castConditions (D:\\Projects\\eCommerce\\server\\node_modules\\mongoose\\lib\\query.js:2374:10)\n    at model.Query._findOne (D:\\Projects\\eCommerce\\server\\node_modules\\mongoose\\lib\\query.js:2697:8)\n    at model.Query.exec (D:\\Projects\\eCommerce\\server\\node_modules\\mongoose\\lib\\query.js:4627:80)\n    at processTicksAndRejections (node:internal/process/task_queues:105:5)\n    at refundPreOrderPayment (D:\\Projects\\eCommerce\\server\\services\\paymentService.js:206:22)\n    at Object.<anonymous> (D:\\Projects\\eCommerce\\server\\services\\paymentService.test.js:107:22)","stringValue":"\"preorder123\"","timestamp":"2025-10-27T10:30:36.566Z","value":"preorder123","valueType":"string"}
{"kind":"ObjectId","level":"error","message":"Failed to refund payment for pre-order nonexistent: Cast to ObjectId failed for value \"nonexistent\" (type string) at path \"_id\" for model \"PreOrder\"","path":"_id","reason":{},"service":"launchpad-market","stack":"CastError: Cast to ObjectId failed for value \"nonexistent\" (type string) at path \"_id\" for model \"PreOrder\"\n    at SchemaObjectId.Object.<anonymous>.SchemaObjectId.cast (D:\\Projects\\eCommerce\\server\\node_modules\\mongoose\\lib\\schema\\objectId.js:251:11)\n    at SchemaObjectId.Object.<anonymous>.SchemaType.applySetters (D:\\Projects\\eCommerce\\server\\node_modules\\mongoose\\lib\\schemaType.js:1258:12)\n    at SchemaObjectId.Object.<anonymous>.SchemaType.castForQuery (D:\\Projects\\eCommerce\\server\\node_modules\\mongoose\\lib\\schemaType.js:1694:17)\n    at cast (D:\\Projects\\eCommerce\\server\\node_modules\\mongoose\\lib\\cast.js:390:32)\n    at model.Query.Object.<anonymous>.Query.cast (D:\\Projects\\eCommerce\\server\\node_modules\\mongoose\\lib\\query.js:5060:12)\n    at model.Query.Object.<anonymous>.Query._castConditions (D:\\Projects\\eCommerce\\server\\node_modules\\mongoose\\lib\\query.js:2374:10)\n    at model.Query._findOne (D:\\Projects\\eCommerce\\server\\node_modules\\mongoose\\lib\\query.js:2697:8)\n    at model.Query.exec (D:\\Projects\\eCommerce\\server\\node_modules\\mongoose\\lib\\query.js:4627:80)\n    at processTicksAndRejections (node:internal/process/task_queues:105:5)\n    at refundPreOrderPayment (D:\\Projects\\eCommerce\\server\\services\\paymentService.js:206:22)\n    at Object.<anonymous> (D:\\Projects\\eCommerce\\server\\services\\paymentService.test.js:120:7)","stringValue":"\"nonexistent\"","timestamp":"2025-10-27T10:30:36.571Z","value":"nonexistent","valueType":"string"}
{"level":"error","message":"Connection error","service":"launchpad-market","timestamp":"2025-10-27T10:56:24.230Z"}
{"level":"error","message":"Connection error","service":"launchpad-market","timestamp":"2025-10-27T10:56:24.233Z"}
{"level":"error","message":"Connection error","service":"launchpad-market","timestamp":"2025-10-27T10:56:24.246Z"}
{"level":"error","message":"Connection error","service":"launchpad-market","timestamp":"2025-10-27T10:56:24.249Z"}
{"level":"error","message":"Connection error","service":"launchpad-market","timestamp":"2025-10-27T10:56:24.445Z"}
{"level":"error","message":"Connection error","service":"launchpad-market","timestamp":"2025-10-27T10:56:24.477Z"}
{"level":"error","message":"Connection error","service":"launchpad-market","timestamp":"2025-10-27T10:56:24.495Z"}
{"level":"error","message":"Connection error","service":"launchpad-market","timestamp":"2025-10-27T10:56:24.509Z"}
{"level":"error","message":"Connection error","service":"launchpad-market","timestamp":"2025-10-27T10:56:24.528Z"}
{"level":"error","message":"Connection error","service":"launchpad-market","timestamp":"2025-10-27T10:56:24.544Z"}
{"level":"error","message":"Connection error","service":"launchpad-market","timestamp":"2025-10-27T10:56:24.554Z"}
{"level":"error","message":"Connection error","service":"launchpad-market","timestamp":"2025-10-27T10:56:30.766Z"}
{"level":"error","message":"Connection error","service":"launchpad-market","timestamp":"2025-10-27T10:58:00.078Z"}
{"level":"error","message":"Connection error","service":"launchpad-market","timestamp":"2025-10-27T21:40:42.264Z"}
{"level":"error","message":"Connection error","service":"launchpad-market","timestamp":"2025-10-27T21:40:42.278Z"}
{"level":"error","message":"Connection error","service":"launchpad-market","timestamp":"2025-10-27T21:40:42.279Z"}
{"level":"error","message":"Connection error","service":"launchpad-market","timestamp":"2025-10-27T21:40:42.278Z"}
{"level":"error","message":"Connection error","service":"launchpad-market","timestamp":"2025-10-27T21:40:42.278Z"}
{"level":"error","message":"Connection error","service":"launchpad-market","timestamp":"2025-10-27T21:40:42.278Z"}
{"level":"error","message":"Connection error","service":"launchpad-market","timestamp":"2025-10-27T21:40:42.278Z"}
{"level":"error","message":"Connection error","service":"launchpad-market","timestamp":"2025-10-27T21:40:42.283Z"}
{"level":"error","message":"Connection error","service":"launchpad-market","timestamp":"2025-10-27T21:40:42.285Z"}
{"level":"error","message":"Connection error","service":"launchpad-market","timestamp":"2025-10-27T21:40:42.285Z"}
{"level":"error","message":"Connection error","service":"launchpad-market","timestamp":"2025-10-27T21:40:42.285Z"}
{"level":"error","message":"Connection error","service":"launchpad-market","timestamp":"2025-10-27T21:40:42.289Z"}
{"level":"error","message":"Connection error","service":"launchpad-market","timestamp":"2025-10-27T21:40:42.289Z"}
{"level":"error","message":"Connection error","service":"launchpad-market","timestamp":"2025-10-27T21:52:52.546Z"}
{"level":"error","message":"Please check your MONGO_URI in the .env file. For MongoDB Atlas, make sure to replace the placeholder credentials with your actual MongoDB Atlas credentials.","service":"launchpad-market","timestamp":"2025-10-27T21:52:52.551Z"}
{"level":"error","message":"Connection error","service":"launchpad-market","timestamp":"2025-10-27T21:55:02.795Z"}
{"level":"error","message":"Please check your MONGO_URI in the .env file. For MongoDB Atlas, make sure to replace the placeholder credentials with your actual MongoDB Atlas credentials.","service":"launchpad-market","timestamp":"2025-10-27T21:55:02.799Z"}
{"level":"error","message":"Connection error","service":"launchpad-market","timestamp":"2025-10-27T21:55:23.286Z"}
{"level":"error","message":"Please check your MONGO_URI in the .env file. For MongoDB Atlas, make sure to replace the placeholder credentials with your actual MongoDB Atlas credentials.","service":"launchpad-market","timestamp":"2025-10-27T21:55:23.289Z"}
{"level":"error","message":"Connection error","service":"launchpad-market","timestamp":"2025-10-28T14:00:27.306Z"}
{"level":"error","message":"Please check your MONGO_URI in the .env file. For MongoDB Atlas, make sure to replace the placeholder credentials with your actual MongoDB Atlas credentials.","service":"launchpad-market","timestamp":"2025-10-28T14:00:27.309Z"}
{"level":"error","message":"Connection error","service":"launchpad-market","timestamp":"2025-11-26T16:29:43.216Z"}
{"level":"error","message":"Please check your MONGO_URI in the .env file. For MongoDB Atlas, make sure to replace the placeholder credentials with your actual MongoDB Atlas credentials.","service":"launchpad-market","timestamp":"2025-11-26T16:29:43.218Z"}
{"level":"error","message":"Connection error","service":"launchpad-market","timestamp":"2025-11-26T16:31:17.012Z"}
{"level":"error","message":"Please check your MONGO_URI in the .env file. For MongoDB Atlas, make sure to replace the placeholder credentials with your actual MongoDB Atlas credentials.","service":"launchpad-market","timestamp":"2025-11-26T16:31:17.014Z"}
{"level":"info","message":"Connected to MongoDB","service":"launchpad-market","timestamp":"2025-11-26T16:36:56.960Z"}
{"level":"info","message":"All cron jobs started","service":"launchpad-market","timestamp":"2025-11-26T16:36:57.034Z"}
{"level":"info","message":"Socket.io initialized","service":"launchpad-market","timestamp":"2025-11-26T16:36:57.037Z"}
{"level":"info","message":"HTTP Server running on port 5000","service":"launchpad-market","timestamp":"2025-11-26T16:36:57.038Z"}
{"level":"info","message":"Connected to MongoDB","service":"launchpad-market","timestamp":"2025-11-26T16:38:23.573Z"}
{"level":"info","message":"All cron jobs started","service":"launchpad-market","timestamp":"2025-11-26T16:38:23.600Z"}
{"level":"info","message":"Socket.io initialized","service":"launchpad-market","timestamp":"2025-11-26T16:38:23.603Z"}
{"level":"info","message":"HTTP Server running on port 5000","service":"launchpad-market","timestamp":"2025-11-26T16:38:23.603Z"}
{"level":"info","message":"Connected to MongoDB","service":"launchpad-market","timestamp":"2025-11-26T16:47:24.551Z"}
{"level":"info","message":"All cron jobs started","service":"launchpad-market","timestamp":"2025-11-26T16:47:24.579Z"}
{"level":"info","message":"Socket.io initialized","service":"launchpad-market","timestamp":"2025-11-26T16:47:24.583Z"}
{"level":"info","message":"HTTP Server running on port 5000","service":"launchpad-market","timestamp":"2025-11-26T16:47:24.583Z"}
{"level":"info","message":"Connected to MongoDB","service":"launchpad-market","timestamp":"2025-11-26T17:01:49.989Z"}
{"level":"info","message":"All cron jobs started","service":"launchpad-market","timestamp":"2025-11-26T17:01:50.022Z"}
{"level":"info","message":"Socket.io initialized","service":"launchpad-market","timestamp":"2025-11-26T17:01:50.025Z"}
{"level":"info","message":"HTTP Server running on port 5000","service":"launchpad-market","timestamp":"2025-11-26T17:01:50.026Z"}
{"level":"info","message":"Connected to MongoDB","service":"launchpad-market","timestamp":"2025-11-26T17:10:20.313Z"}
{"level":"info","message":"All cron jobs started","service":"launchpad-market","timestamp":"2025-11-26T17:10:20.339Z"}
{"level":"info","message":"Socket.io initialized","service":"launchpad-market","timestamp":"2025-11-26T17:10:20.342Z"}
{"level":"info","message":"HTTP Server running on port 5000","service":"launchpad-market","timestamp":"2025-11-26T17:10:20.342Z"}
{"level":"info","message":"Connected to MongoDB","service":"launchpad-market","timestamp":"2025-11-26T17:16:45.421Z"}
{"level":"info","message":"All cron jobs started","service":"launchpad-market","timestamp":"2025-11-26T17:16:45.448Z"}
{"level":"info","message":"Socket.io initialized","service":"launchpad-market","timestamp":"2025-11-26T17:16:45.451Z"}
{"level":"info","message":"HTTP Server running on port 5000","service":"launchpad-market","timestamp":"2025-11-26T17:16:45.451Z"}
{"level":"info","message":"Connected to MongoDB","service":"launchpad-market","timestamp":"2025-11-26T17:21:54.197Z"}
{"level":"info","message":"All cron jobs started","service":"launchpad-market","timestamp":"2025-11-26T17:21:54.231Z"}
{"level":"info","message":"Socket.io initialized","service":"launchpad-market","timestamp":"2025-11-26T17:21:54.235Z"}
{"level":"info","message":"HTTP Server running on port 5000","service":"launchpad-market","timestamp":"2025-11-26T17:21:54.235Z"}
{"level":"info","message":"Connected to MongoDB","service":"launchpad-market","timestamp":"2025-11-26T17:26:06.853Z"}
{"level":"info","message":"All cron jobs started","service":"launchpad-market","timestamp":"2025-11-26T17:26:06.883Z"}
{"level":"info","message":"Socket.io initialized","service":"launchpad-market","timestamp":"2025-11-26T17:26:06.887Z"}
{"level":"info","message":"HTTP Server running on port 5000","service":"launchpad-market","timestamp":"2025-11-26T17:26:06.887Z"}
{"level":"info","message":"Connected to MongoDB","service":"launchpad-market","timestamp":"2025-11-26T17:27:09.231Z"}
{"level":"info","message":"All cron jobs started","service":"launchpad-market","timestamp":"2025-11-26T17:27:09.261Z"}
{"level":"info","message":"Socket.io initialized","service":"launchpad-market","timestamp":"2025-11-26T17:27:09.265Z"}
{"level":"info","message":"HTTP Server running on port 5000","service":"launchpad-market","timestamp":"2025-11-26T17:27:09.266Z"}
{"level":"info","message":"Connected to MongoDB","service":"launchpad-market","timestamp":"2025-11-26T17:32:32.934Z"}
{"level":"info","message":"All cron jobs started","service":"launchpad-market","timestamp":"2025-11-26T17:32:32.965Z"}
{"level":"info","message":"Socket.io initialized","service":"launchpad-market","timestamp":"2025-11-26T17:32:32.969Z"}
{"level":"info","message":"HTTP Server running on port 5000","service":"launchpad-market","timestamp":"2025-11-26T17:32:32.970Z"}
{"level":"info","message":"Connected to MongoDB","service":"launchpad-market","timestamp":"2025-11-26T17:35:57.979Z"}
{"level":"info","message":"All cron jobs started","service":"launchpad-market","timestamp":"2025-11-26T17:35:58.009Z"}
{"level":"info","message":"Socket.io initialized","service":"launchpad-market","timestamp":"2025-11-26T17:35:58.012Z"}
{"level":"info","message":"HTTP Server running on port 5000","service":"launchpad-market","timestamp":"2025-11-26T17:35:58.013Z"}
{"level":"info","message":"Connected to MongoDB","service":"launchpad-market","timestamp":"2025-11-27T03:56:39.206Z"}
{"level":"info","message":"All cron jobs started","service":"launchpad-market","timestamp":"2025-11-27T03:56:39.303Z"}
{"level":"info","message":"Socket.io initialized","service":"launchpad-market","timestamp":"2025-11-27T03:56:39.310Z"}
{"level":"info","message":"HTTP Server running on port 5000","service":"launchpad-market","timestamp":"2025-11-27T03:56:39.311Z"}
{"level":"info","message":"Connected to MongoDB","service":"launchpad-market","timestamp":"2025-11-27T03:57:43.273Z"}
{"level":"info","message":"All cron jobs started","service":"launchpad-market","timestamp":"2025-11-27T03:57:43.316Z"}
{"level":"info","message":"Socket.io initialized","service":"launchpad-market","timestamp":"2025-11-27T03:57:43.322Z"}
{"level":"info","message":"HTTP Server running on port 5000","service":"launchpad-market","timestamp":"2025-11-27T03:57:43.323Z"}
{"level":"info","message":"Connected to MongoDB","service":"launchpad-market","timestamp":"2025-11-27T04:15:07.549Z"}
{"level":"info","message":"All cron jobs started","service":"launchpad-market","timestamp":"2025-11-27T04:15:07.580Z"}
{"level":"info","message":"Socket.io initialized","service":"launchpad-market","timestamp":"2025-11-27T04:15:07.584Z"}
{"level":"info","message":"HTTP Server running on port 5000","service":"launchpad-market","timestamp":"2025-11-27T04:15:07.584Z"}
